<?xml version="1.0" encoding="UTF-8"?>
<testsuite xmlns:xsi="http://www.w3.org/2001/XMLSchema-instance" xsi:noNamespaceSchemaLocation="https://maven.apache.org/surefire/maven-surefire-plugin/xsd/surefire-test-report.xsd" name="testRunner.TestRun" time="79.834" tests="2" errors="1" skipped="0" failures="0">
  <properties>
[...]
</properties>
  <testcase name="Search customer by Emailid" classname="CuctomerSearch" time="29.035"/>
  <testcase name="search customer by first and last name" classname="CuctomerSearch" time="50.294">
    <error message="element not interactable&#10;  (Session info: chrome=80.0.3987.122)&#10;Build info: version: &apos;3.141.59&apos;, revision: &apos;e82be7d358&apos;, time: &apos;2018-11-14T08:17:03&apos;&#10;System info: host: &apos;MAYUR-PC&apos;, ip: &apos;192.168.0.102&apos;, os.name: &apos;Windows 7&apos;, os.arch: &apos;amd64&apos;, os.version: &apos;6.1&apos;, java.version: &apos;1.8.0_202&apos;&#10;Driver info: org.openqa.selenium.chrome.ChromeDriver&#10;Capabilities {acceptInsecureCerts: false, browserName: chrome, browserVersion: 80.0.3987.122, chrome: {chromedriverVersion: 80.0.3987.16 (320f6526c1632..., userDataDir: C:\Users\Mayur\AppData\Loca...}, goog:chromeOptions: {debuggerAddress: localhost:59721}, javascriptEnabled: true, networkConnectionEnabled: false, pageLoadStrategy: normal, platform: WINDOWS, platformName: WINDOWS, proxy: Proxy(), setWindowRect: true, strictFileInteractability: false, timeouts: {implicit: 0, pageLoad: 300000, script: 30000}, unhandledPromptBehavior: dismiss and notify}&#10;Session ID: 88ca25606c8a5561b581442bf05fd022" type="org.openqa.selenium.ElementNotInteractableException">org.openqa.selenium.ElementNotInteractableException: 
element not interactable
  (Session info: chrome=80.0.3987.122)
Build info: version: '3.141.59', revision: 'e82be7d358', time: '2018-11-14T08:17:03'
System info: host: 'MAYUR-PC', ip: '192.168.0.102', os.name: 'Windows 7', os.arch: 'amd64', os.version: '6.1', java.version: '1.8.0_202'
Driver info: org.openqa.selenium.chrome.ChromeDriver
Capabilities {acceptInsecureCerts: false, browserName: chrome, browserVersion: 80.0.3987.122, chrome: {chromedriverVersion: 80.0.3987.16 (320f6526c1632..., userDataDir: C:\Users\Mayur\AppData\Loca...}, goog:chromeOptions: {debuggerAddress: localhost:59721}, javascriptEnabled: true, networkConnectionEnabled: false, pageLoadStrategy: normal, platform: WINDOWS, platformName: WINDOWS, proxy: Proxy(), setWindowRect: true, strictFileInteractability: false, timeouts: {implicit: 0, pageLoad: 300000, script: 30000}, unhandledPromptBehavior: dismiss and notify}
Session ID: 88ca25606c8a5561b581442bf05fd022
</error>
    <system-out><![CDATA[
Scenario: search customer by first and last name                                      # FeaturesFiles/CustomerSearch.feature:18
  Given User launch browser                                                           # stepDefinitions.Steps.user_launch_browser()
  When user open Url "https://admin-demo.nopcommerce.com/login?ReturnUrl=%2Fadmin%2F" # stepDefinitions.Steps.user_open_Url(java.lang.String)
  And user enter Email as "admin@yourstore.com" and password as "admin"               # stepDefinitions.Steps.user_enter_Email_as_and_password_as(java.lang.String,java.lang.String)
  And click on login                                                                  # stepDefinitions.Steps.click_on_login()
  Then user can view dashboard                                                        # stepDefinitions.Steps.user_can_view_dashboard()
  When user click on customer menu                                                    # stepDefinitions.Steps.user_click_on_customer_menu()
  And click on customer menu item                                                     # stepDefinitions.Steps.click_on_customer_menu_item()
      org.openqa.selenium.ElementNotInteractableException: element not interactable
  (Session info: chrome=80.0.3987.122)
Build info: version: '3.141.59', revision: 'e82be7d358', time: '2018-11-14T08:17:03'
System info: host: 'MAYUR-PC', ip: '192.168.0.102', os.name: 'Windows 7', os.arch: 'amd64', os.version: '6.1', java.version: '1.8.0_202'
Driver info: org.openqa.selenium.chrome.ChromeDriver
Capabilities {acceptInsecureCerts: false, browserName: chrome, browserVersion: 80.0.3987.122, chrome: {chromedriverVersion: 80.0.3987.16 (320f6526c1632..., userDataDir: C:\Users\Mayur\AppData\Loca...}, goog:chromeOptions: {debuggerAddress: localhost:59721}, javascriptEnabled: true, networkConnectionEnabled: false, pageLoadStrategy: normal, platform: WINDOWS, platformName: WINDOWS, proxy: Proxy(), setWindowRect: true, strictFileInteractability: false, timeouts: {implicit: 0, pageLoad: 300000, script: 30000}, unhandledPromptBehavior: dismiss and notify}
Session ID: 88ca25606c8a5561b581442bf05fd022
	at sun.reflect.NativeConstructorAccessorImpl.newInstance0(Native Method)
	at sun.reflect.NativeConstructorAccessorImpl.newInstance(Unknown Source)
	at sun.reflect.DelegatingConstructorAccessorImpl.newInstance(Unknown Source)
	at java.lang.reflect.Constructor.newInstance(Unknown Source)
	at org.openqa.selenium.remote.http.W3CHttpResponseCodec.createException(W3CHttpResponseCodec.java:187)
	at org.openqa.selenium.remote.http.W3CHttpResponseCodec.decode(W3CHttpResponseCodec.java:122)
	at org.openqa.selenium.remote.http.W3CHttpResponseCodec.decode(W3CHttpResponseCodec.java:49)
	at org.openqa.selenium.remote.HttpCommandExecutor.execute(HttpCommandExecutor.java:158)
	at org.openqa.selenium.remote.service.DriverCommandExecutor.execute(DriverCommandExecutor.java:83)
	at org.openqa.selenium.remote.RemoteWebDriver.execute(RemoteWebDriver.java:552)
	at org.openqa.selenium.remote.RemoteWebElement.execute(RemoteWebElement.java:285)
	at org.openqa.selenium.remote.RemoteWebElement.click(RemoteWebElement.java:84)
	at sun.reflect.NativeMethodAccessorImpl.invoke0(Native Method)
	at sun.reflect.NativeMethodAccessorImpl.invoke(Unknown Source)
	at sun.reflect.DelegatingMethodAccessorImpl.invoke(Unknown Source)
	at java.lang.reflect.Method.invoke(Unknown Source)
	at org.openqa.selenium.support.pagefactory.internal.LocatingElementHandler.invoke(LocatingElementHandler.java:51)
	at com.sun.proxy.$Proxy16.click(Unknown Source)
	at pageObjects.AddCustomerPage.clickOnCustomerMenuItem(AddCustomerPage.java:101)
	at stepDefinitions.Steps.click_on_customer_menu_item(Steps.java:106)
	at ?.click on customer menu item(file:///C:/Users/Mayur/eclipse-workspace/Seleniumcucumber/./FeaturesFiles/CustomerSearch.feature:9)

  When user enter firstName                                                           # stepDefinitions.Steps.user_enter_firstName()
  When user enter lastName                                                            # stepDefinitions.Steps.user_enter_lastName()
  And click on search button                                                          # stepDefinitions.Steps.click_on_search_button()
  Then user should find first and last in the search table                            # stepDefinitions.Steps.user_should_find_first_and_last_in_the_search_table()
  Then close browser                                                                  # stepDefinitions.Steps.close_browser()
]]></system-out>
    <system-err><![CDATA[Starting ChromeDriver 80.0.3987.16 (320f6526c1632ad4f205ebce69b99a062ed78647-refs/branch-heads/3987@{#185}) on port 48710
Only local connections are allowed.
Please protect ports used by ChromeDriver and related test frameworks to prevent access by malicious code.
Mar 02, 2020 12:47:26 PM org.openqa.selenium.remote.ProtocolHandshake createSession
INFO: Detected dialect: W3C
[1583133449.704][SEVERE]: Timed out receiving message from renderer: 0.100
[1583133449.805][SEVERE]: Timed out receiving message from renderer: 0.100
[1583133449.906][SEVERE]: Timed out receiving message from renderer: 0.100
[1583133458.635][SEVERE]: Timed out receiving message from renderer: 0.100
[1583133458.740][SEVERE]: Timed out receiving message from renderer: 0.100
[1583133458.856][SEVERE]: Timed out receiving message from renderer: 0.100
[1583133458.965][SEVERE]: Timed out receiving message from renderer: 0.100
[1583133459.069][SEVERE]: Timed out receiving message from renderer: 0.100
[1583133459.174][SEVERE]: Timed out receiving message from renderer: 0.100
[1583133459.275][SEVERE]: Timed out receiving message from renderer: 0.100
[1583133459.377][SEVERE]: Timed out receiving message from renderer: 0.100
[1583133459.482][SEVERE]: Timed out receiving message from renderer: 0.100
[1583133459.584][SEVERE]: Timed out receiving message from renderer: 0.100
[1583133459.688][SEVERE]: Timed out receiving message from renderer: 0.100
[1583133459.791][SEVERE]: Timed out receiving message from renderer: 0.100
[1583133459.892][SEVERE]: Timed out receiving message from renderer: 0.100
[1583133460.003][SEVERE]: Timed out receiving message from renderer: 0.100
[1583133460.113][SEVERE]: Timed out receiving message from renderer: 0.100
[1583133460.216][SEVERE]: Timed out receiving message from renderer: 0.100
[1583133460.368][SEVERE]: Timed out receiving message from renderer: 0.100
[1583133460.480][SEVERE]: Timed out receiving message from renderer: 0.100
[1583133460.683][SEVERE]: Timed out receiving message from renderer: 0.100
[1583133460.831][SEVERE]: Timed out receiving message from renderer: 0.100
[1583133461.032][SEVERE]: Timed out receiving message from renderer: 0.100
[1583133461.370][SEVERE]: Timed out receiving message from renderer: 0.100
[1583133461.471][SEVERE]: Timed out receiving message from renderer: 0.100
[1583133461.573][SEVERE]: Timed out receiving message from renderer: 0.100
[1583133461.678][SEVERE]: Timed out receiving message from renderer: 0.100
[1583133461.785][SEVERE]: Timed out receiving message from renderer: 0.100
[1583133461.887][SEVERE]: Timed out receiving message from renderer: 0.100
[1583133462.088][SEVERE]: Timed out receiving message from renderer: 0.100
[1583133462.242][SEVERE]: Timed out receiving message from renderer: 0.100
[1583133462.408][SEVERE]: Timed out receiving message from renderer: 0.100
[1583133464.349][SEVERE]: Timed out receiving message from renderer: 0.100
[1583133464.455][SEVERE]: Timed out receiving message from renderer: 0.100
[1583133464.556][SEVERE]: Timed out receiving message from renderer: 0.100
[1583133464.683][SEVERE]: Timed out receiving message from renderer: 0.100
[1583133464.784][SEVERE]: Timed out receiving message from renderer: 0.100
[1583133464.885][SEVERE]: Timed out receiving message from renderer: 0.100
[1583133465.057][SEVERE]: Timed out receiving message from renderer: 0.100
]]></system-err>
  </testcase>
</testsuite>